[2022-10-13 20:11:17,966] {manager.py:514} INFO - Processing files using up to 2 processes at a time 
[2022-10-13 20:11:17,967] {manager.py:515} INFO - Process each file at most once every 30 seconds
[2022-10-13 20:11:17,967] {manager.py:517} INFO - Checking for new files in /opt/airflow/dags every 300 seconds
[2022-10-13 20:11:17,967] {manager.py:663} INFO - Searching for files in /opt/airflow/dags
[2022-10-13 20:11:17,968] {manager.py:666} INFO - There are 1 files in /opt/airflow/dags
[2022-10-13 20:11:18,537] {manager.py:1065} INFO - Finding 'running' jobs without a recent heartbeat
[2022-10-13 20:11:18,538] {manager.py:1069} INFO - Failing jobs without heartbeat after 2022-10-13 20:06:18.538591+00:00
[2022-10-13 20:11:18,569] {manager.py:784} INFO - 
================================================================================
DAG File Processing Stats

File Path                           PID  Runtime      # DAGs    # Errors  Last Runtime    Last Run
--------------------------------  -----  ---------  --------  ----------  --------------  ----------
/opt/airflow/dags/de_test_dag.py     39  0.03s             0           0
================================================================================
[2022-10-13 20:11:28,585] {manager.py:1065} INFO - Finding 'running' jobs without a recent heartbeat
[2022-10-13 20:11:28,586] {manager.py:1069} INFO - Failing jobs without heartbeat after 2022-10-13 20:06:28.586090+00:00
[2022-10-13 20:11:38,604] {manager.py:1065} INFO - Finding 'running' jobs without a recent heartbeat
[2022-10-13 20:11:38,604] {manager.py:1069} INFO - Failing jobs without heartbeat after 2022-10-13 20:06:38.604636+00:00
[2022-10-13 20:11:48,626] {manager.py:1065} INFO - Finding 'running' jobs without a recent heartbeat
[2022-10-13 20:11:48,626] {manager.py:1069} INFO - Failing jobs without heartbeat after 2022-10-13 20:06:48.626857+00:00
[2022-10-13 20:11:48,636] {manager.py:784} INFO - 
================================================================================
DAG File Processing Stats

File Path                         PID    Runtime      # DAGs    # Errors  Last Runtime    Last Run
--------------------------------  -----  ---------  --------  ----------  --------------  -------------------
/opt/airflow/dags/de_test_dag.py                           1           0  3.82s           2022-10-13T20:11:22
================================================================================
[2022-10-13 20:11:58,652] {manager.py:1065} INFO - Finding 'running' jobs without a recent heartbeat
[2022-10-13 20:11:58,652] {manager.py:1069} INFO - Failing jobs without heartbeat after 2022-10-13 20:06:58.652616+00:00
[2022-10-13 20:12:08,673] {manager.py:1065} INFO - Finding 'running' jobs without a recent heartbeat
[2022-10-13 20:12:08,673] {manager.py:1069} INFO - Failing jobs without heartbeat after 2022-10-13 20:07:08.673844+00:00
[2022-10-13 20:12:18,697] {manager.py:1065} INFO - Finding 'running' jobs without a recent heartbeat
[2022-10-13 20:12:18,697] {manager.py:1069} INFO - Failing jobs without heartbeat after 2022-10-13 20:07:18.697204+00:00
[2022-10-13 20:12:18,704] {manager.py:784} INFO - 
================================================================================
DAG File Processing Stats

File Path                         PID    Runtime      # DAGs    # Errors  Last Runtime    Last Run
--------------------------------  -----  ---------  --------  ----------  --------------  -------------------
/opt/airflow/dags/de_test_dag.py                           1           0  1.81s           2022-10-13T20:11:54
================================================================================
[2022-10-13 20:12:29,297] {manager.py:1065} INFO - Finding 'running' jobs without a recent heartbeat
[2022-10-13 20:12:29,298] {manager.py:1069} INFO - Failing jobs without heartbeat after 2022-10-13 20:07:29.298199+00:00
[2022-10-13 20:12:39,328] {manager.py:1065} INFO - Finding 'running' jobs without a recent heartbeat
[2022-10-13 20:12:39,328] {manager.py:1069} INFO - Failing jobs without heartbeat after 2022-10-13 20:07:39.328861+00:00
[2022-10-13 20:12:49,359] {manager.py:1065} INFO - Finding 'running' jobs without a recent heartbeat
[2022-10-13 20:12:49,360] {manager.py:1069} INFO - Failing jobs without heartbeat after 2022-10-13 20:07:49.360019+00:00
[2022-10-13 20:12:49,366] {manager.py:784} INFO - 
================================================================================
DAG File Processing Stats

File Path                         PID    Runtime      # DAGs    # Errors  Last Runtime    Last Run
--------------------------------  -----  ---------  --------  ----------  --------------  -------------------
/opt/airflow/dags/de_test_dag.py                           1           0  1.15s           2022-10-13T20:12:25
================================================================================
[2022-10-13 20:12:59,489] {manager.py:1065} INFO - Finding 'running' jobs without a recent heartbeat
[2022-10-13 20:12:59,489] {manager.py:1069} INFO - Failing jobs without heartbeat after 2022-10-13 20:07:59.489469+00:00
[2022-10-13 20:13:09,549] {manager.py:1065} INFO - Finding 'running' jobs without a recent heartbeat
[2022-10-13 20:13:09,556] {manager.py:1069} INFO - Failing jobs without heartbeat after 2022-10-13 20:08:09.556408+00:00
[2022-10-13 20:13:19,934] {manager.py:1065} INFO - Finding 'running' jobs without a recent heartbeat
[2022-10-13 20:13:20,213] {manager.py:1069} INFO - Failing jobs without heartbeat after 2022-10-13 20:08:20.213648+00:00
[2022-10-13 20:13:37,496] {manager.py:784} INFO - 
================================================================================
DAG File Processing Stats

File Path                           PID  Runtime      # DAGs    # Errors  Last Runtime    Last Run
--------------------------------  -----  ---------  --------  ----------  --------------  -------------------
/opt/airflow/dags/de_test_dag.py    132  0.30s             1           0  0.54s           2022-10-13T20:12:56
================================================================================
[2022-10-13 20:13:46,404] {manager.py:1065} INFO - Finding 'running' jobs without a recent heartbeat
[2022-10-13 20:13:53,221] {manager.py:1069} INFO - Failing jobs without heartbeat after 2022-10-13 20:08:51.585972+00:00
[2022-10-13 20:20:35,096] {manager.py:1106} ERROR - Processor for /opt/airflow/dags/de_test_dag.py with PID 132 started at 2022-10-13T20:13:36.999902+00:00 has timed out, killing it.
[2022-10-13 20:20:35,198] {manager.py:784} INFO - 
================================================================================
DAG File Processing Stats

File Path                           PID  Runtime      # DAGs    # Errors  Last Runtime    Last Run
--------------------------------  -----  ---------  --------  ----------  --------------  -------------------
/opt/airflow/dags/de_test_dag.py    132  418.20s           1           0  0.54s           2022-10-13T20:12:56
================================================================================
[2022-10-13 20:20:35,198] {manager.py:663} INFO - Searching for files in /opt/airflow/dags
[2022-10-13 20:20:35,381] {manager.py:666} INFO - There are 1 files in /opt/airflow/dags
[2022-10-13 20:20:35,490] {manager.py:1106} ERROR - Processor for /opt/airflow/dags/de_test_dag.py with PID 132 started at 2022-10-13T20:13:36.999902+00:00 has timed out, killing it.
[2022-10-13 20:20:45,275] {manager.py:514} INFO - Processing files using up to 2 processes at a time 
[2022-10-13 20:20:45,291] {manager.py:515} INFO - Process each file at most once every 30 seconds
[2022-10-13 20:20:45,291] {manager.py:517} INFO - Checking for new files in /opt/airflow/dags every 300 seconds
[2022-10-13 20:20:45,291] {manager.py:663} INFO - Searching for files in /opt/airflow/dags
[2022-10-13 20:20:45,309] {manager.py:666} INFO - There are 1 files in /opt/airflow/dags
[2022-10-13 20:20:45,341] {manager.py:1065} INFO - Finding 'running' jobs without a recent heartbeat
[2022-10-13 20:20:45,341] {manager.py:1069} INFO - Failing jobs without heartbeat after 2022-10-13 20:15:45.341838+00:00
[2022-10-13 20:20:45,377] {manager.py:784} INFO - 
================================================================================
DAG File Processing Stats

File Path                           PID  Runtime      # DAGs    # Errors  Last Runtime    Last Run
--------------------------------  -----  ---------  --------  ----------  --------------  ----------
/opt/airflow/dags/de_test_dag.py    134  0.04s             0           0
================================================================================
[2022-10-13 20:20:55,388] {manager.py:1065} INFO - Finding 'running' jobs without a recent heartbeat
[2022-10-13 20:20:55,389] {manager.py:1069} INFO - Failing jobs without heartbeat after 2022-10-13 20:15:55.389084+00:00
[2022-10-13 20:21:05,408] {manager.py:1065} INFO - Finding 'running' jobs without a recent heartbeat
[2022-10-13 20:21:05,409] {manager.py:1069} INFO - Failing jobs without heartbeat after 2022-10-13 20:16:05.409261+00:00
[2022-10-13 20:21:15,406] {manager.py:784} INFO - 
================================================================================
DAG File Processing Stats

File Path                         PID    Runtime      # DAGs    # Errors  Last Runtime    Last Run
--------------------------------  -----  ---------  --------  ----------  --------------  -------------------
/opt/airflow/dags/de_test_dag.py                           1           0  12.06s          2022-10-13T20:20:57
================================================================================
[2022-10-13 20:21:15,425] {manager.py:1065} INFO - Finding 'running' jobs without a recent heartbeat
[2022-10-13 20:21:15,425] {manager.py:1069} INFO - Failing jobs without heartbeat after 2022-10-13 20:16:15.425959+00:00
[2022-10-13 20:21:25,444] {manager.py:1065} INFO - Finding 'running' jobs without a recent heartbeat
[2022-10-13 20:21:25,444] {manager.py:1069} INFO - Failing jobs without heartbeat after 2022-10-13 20:16:25.444501+00:00
[2022-10-13 20:21:35,464] {manager.py:1065} INFO - Finding 'running' jobs without a recent heartbeat
[2022-10-13 20:21:35,464] {manager.py:1069} INFO - Failing jobs without heartbeat after 2022-10-13 20:16:35.464585+00:00
[2022-10-13 20:21:45,513] {manager.py:1065} INFO - Finding 'running' jobs without a recent heartbeat
[2022-10-13 20:21:45,513] {manager.py:1069} INFO - Failing jobs without heartbeat after 2022-10-13 20:16:45.513603+00:00
[2022-10-13 20:21:45,520] {manager.py:784} INFO - 
================================================================================
DAG File Processing Stats

File Path                         PID    Runtime      # DAGs    # Errors  Last Runtime    Last Run
--------------------------------  -----  ---------  --------  ----------  --------------  -------------------
/opt/airflow/dags/de_test_dag.py                           1           0  0.50s           2022-10-13T20:21:27
================================================================================
[2022-10-13 20:21:55,535] {manager.py:1065} INFO - Finding 'running' jobs without a recent heartbeat
[2022-10-13 20:21:55,535] {manager.py:1069} INFO - Failing jobs without heartbeat after 2022-10-13 20:16:55.535448+00:00
[2022-10-13 20:22:05,990] {manager.py:1065} INFO - Finding 'running' jobs without a recent heartbeat
[2022-10-13 20:22:05,990] {manager.py:1069} INFO - Failing jobs without heartbeat after 2022-10-13 20:17:05.990808+00:00
[2022-10-13 20:22:16,011] {manager.py:1065} INFO - Finding 'running' jobs without a recent heartbeat
[2022-10-13 20:22:16,011] {manager.py:1069} INFO - Failing jobs without heartbeat after 2022-10-13 20:17:16.011425+00:00
[2022-10-13 20:22:16,018] {manager.py:784} INFO - 
================================================================================
DAG File Processing Stats

File Path                         PID    Runtime      # DAGs    # Errors  Last Runtime    Last Run
--------------------------------  -----  ---------  --------  ----------  --------------  -------------------
/opt/airflow/dags/de_test_dag.py                           1           0  0.50s           2022-10-13T20:21:58
================================================================================
[2022-10-13 20:22:26,030] {manager.py:1065} INFO - Finding 'running' jobs without a recent heartbeat
[2022-10-13 20:22:26,030] {manager.py:1069} INFO - Failing jobs without heartbeat after 2022-10-13 20:17:26.030418+00:00
[2022-10-13 20:22:36,528] {manager.py:1065} INFO - Finding 'running' jobs without a recent heartbeat
[2022-10-13 20:22:36,528] {manager.py:1069} INFO - Failing jobs without heartbeat after 2022-10-13 20:17:36.528477+00:00
[2022-10-13 20:22:46,550] {manager.py:1065} INFO - Finding 'running' jobs without a recent heartbeat
[2022-10-13 20:22:46,550] {manager.py:1069} INFO - Failing jobs without heartbeat after 2022-10-13 20:17:46.550513+00:00
[2022-10-13 20:22:46,557] {manager.py:784} INFO - 
================================================================================
DAG File Processing Stats

File Path                         PID    Runtime      # DAGs    # Errors  Last Runtime    Last Run
--------------------------------  -----  ---------  --------  ----------  --------------  -------------------
/opt/airflow/dags/de_test_dag.py                           1           0  0.47s           2022-10-13T20:22:28
================================================================================
[2022-10-13 20:22:56,568] {manager.py:1065} INFO - Finding 'running' jobs without a recent heartbeat
[2022-10-13 20:22:56,568] {manager.py:1069} INFO - Failing jobs without heartbeat after 2022-10-13 20:17:56.568264+00:00
[2022-10-13 20:23:06,579] {manager.py:1065} INFO - Finding 'running' jobs without a recent heartbeat
[2022-10-13 20:23:06,579] {manager.py:1069} INFO - Failing jobs without heartbeat after 2022-10-13 20:18:06.579598+00:00
[2022-10-13 20:23:16,608] {manager.py:1065} INFO - Finding 'running' jobs without a recent heartbeat
[2022-10-13 20:23:16,609] {manager.py:1069} INFO - Failing jobs without heartbeat after 2022-10-13 20:18:16.609148+00:00
[2022-10-13 20:23:16,618] {manager.py:784} INFO - 
================================================================================
DAG File Processing Stats

File Path                           PID  Runtime      # DAGs    # Errors  Last Runtime    Last Run
--------------------------------  -----  ---------  --------  ----------  --------------  -------------------
/opt/airflow/dags/de_test_dag.py    268  1.02s             1           0  0.55s           2022-10-13T20:22:59
================================================================================
[2022-10-13 20:23:27,078] {manager.py:1065} INFO - Finding 'running' jobs without a recent heartbeat
[2022-10-13 20:23:27,078] {manager.py:1069} INFO - Failing jobs without heartbeat after 2022-10-13 20:18:27.078583+00:00
[2022-10-13 20:23:37,108] {manager.py:1065} INFO - Finding 'running' jobs without a recent heartbeat
[2022-10-13 20:23:37,108] {manager.py:1069} INFO - Failing jobs without heartbeat after 2022-10-13 20:18:37.108458+00:00
[2022-10-13 20:23:47,140] {manager.py:1065} INFO - Finding 'running' jobs without a recent heartbeat
[2022-10-13 20:23:47,140] {manager.py:1069} INFO - Failing jobs without heartbeat after 2022-10-13 20:18:47.140948+00:00
[2022-10-13 20:23:47,147] {manager.py:784} INFO - 
================================================================================
DAG File Processing Stats

File Path                         PID    Runtime      # DAGs    # Errors  Last Runtime    Last Run
--------------------------------  -----  ---------  --------  ----------  --------------  -------------------
/opt/airflow/dags/de_test_dag.py                           1           0  1.61s           2022-10-13T20:23:17
================================================================================
[2022-10-13 20:23:57,269] {manager.py:1065} INFO - Finding 'running' jobs without a recent heartbeat
[2022-10-13 20:23:57,270] {manager.py:1069} INFO - Failing jobs without heartbeat after 2022-10-13 20:18:57.269998+00:00
[2022-10-13 20:24:07,289] {manager.py:1065} INFO - Finding 'running' jobs without a recent heartbeat
[2022-10-13 20:24:07,290] {manager.py:1069} INFO - Failing jobs without heartbeat after 2022-10-13 20:19:07.290002+00:00
[2022-10-13 20:24:17,309] {manager.py:1065} INFO - Finding 'running' jobs without a recent heartbeat
[2022-10-13 20:24:17,309] {manager.py:1069} INFO - Failing jobs without heartbeat after 2022-10-13 20:19:17.309865+00:00
[2022-10-13 20:24:17,318] {manager.py:784} INFO - 
================================================================================
DAG File Processing Stats

File Path                         PID    Runtime      # DAGs    # Errors  Last Runtime    Last Run
--------------------------------  -----  ---------  --------  ----------  --------------  -------------------
/opt/airflow/dags/de_test_dag.py                           1           0  0.49s           2022-10-13T20:23:47
================================================================================
[2022-10-13 20:24:27,340] {manager.py:1065} INFO - Finding 'running' jobs without a recent heartbeat
[2022-10-13 20:24:27,340] {manager.py:1069} INFO - Failing jobs without heartbeat after 2022-10-13 20:19:27.340663+00:00
[2022-10-13 20:24:37,403] {manager.py:1065} INFO - Finding 'running' jobs without a recent heartbeat
[2022-10-13 20:24:37,404] {manager.py:1069} INFO - Failing jobs without heartbeat after 2022-10-13 20:19:37.404385+00:00
[2022-10-13 20:24:47,432] {manager.py:1065} INFO - Finding 'running' jobs without a recent heartbeat
[2022-10-13 20:24:47,432] {manager.py:1069} INFO - Failing jobs without heartbeat after 2022-10-13 20:19:47.432826+00:00
[2022-10-13 20:24:47,439] {manager.py:784} INFO - 
================================================================================
DAG File Processing Stats

File Path                         PID    Runtime      # DAGs    # Errors  Last Runtime    Last Run
--------------------------------  -----  ---------  --------  ----------  --------------  -------------------
/opt/airflow/dags/de_test_dag.py                           1           0  0.61s           2022-10-13T20:24:28
================================================================================
[2022-10-13 20:24:57,450] {manager.py:1065} INFO - Finding 'running' jobs without a recent heartbeat
[2022-10-13 20:24:57,450] {manager.py:1069} INFO - Failing jobs without heartbeat after 2022-10-13 20:19:57.450705+00:00
[2022-10-13 20:25:07,475] {manager.py:1065} INFO - Finding 'running' jobs without a recent heartbeat
[2022-10-13 20:25:07,476] {manager.py:1069} INFO - Failing jobs without heartbeat after 2022-10-13 20:20:07.476009+00:00
[2022-10-13 20:25:17,501] {manager.py:1065} INFO - Finding 'running' jobs without a recent heartbeat
[2022-10-13 20:25:17,501] {manager.py:1069} INFO - Failing jobs without heartbeat after 2022-10-13 20:20:17.501538+00:00
[2022-10-13 20:25:17,508] {manager.py:784} INFO - 
================================================================================
DAG File Processing Stats

File Path                         PID    Runtime      # DAGs    # Errors  Last Runtime    Last Run
--------------------------------  -----  ---------  --------  ----------  --------------  -------------------
/opt/airflow/dags/de_test_dag.py                           1           0  0.47s           2022-10-13T20:24:59
================================================================================
[2022-10-13 20:25:27,547] {manager.py:1065} INFO - Finding 'running' jobs without a recent heartbeat
[2022-10-13 20:25:27,548] {manager.py:1069} INFO - Failing jobs without heartbeat after 2022-10-13 20:20:27.548023+00:00
[2022-10-13 20:25:37,570] {manager.py:1065} INFO - Finding 'running' jobs without a recent heartbeat
[2022-10-13 20:25:37,571] {manager.py:1069} INFO - Failing jobs without heartbeat after 2022-10-13 20:20:37.571154+00:00
[2022-10-13 20:25:45,587] {manager.py:663} INFO - Searching for files in /opt/airflow/dags
[2022-10-13 20:25:45,588] {manager.py:666} INFO - There are 1 files in /opt/airflow/dags
[2022-10-13 20:25:47,599] {manager.py:1065} INFO - Finding 'running' jobs without a recent heartbeat
[2022-10-13 20:25:47,600] {manager.py:1069} INFO - Failing jobs without heartbeat after 2022-10-13 20:20:47.600058+00:00
[2022-10-13 20:25:47,606] {manager.py:784} INFO - 
================================================================================
DAG File Processing Stats

File Path                         PID    Runtime      # DAGs    # Errors  Last Runtime    Last Run
--------------------------------  -----  ---------  --------  ----------  --------------  -------------------
/opt/airflow/dags/de_test_dag.py                           1           0  0.58s           2022-10-13T20:25:26
================================================================================
[2022-10-13 20:25:57,612] {manager.py:1065} INFO - Finding 'running' jobs without a recent heartbeat
[2022-10-13 20:25:57,613] {manager.py:1069} INFO - Failing jobs without heartbeat after 2022-10-13 20:20:57.612981+00:00
[2022-10-13 20:26:07,633] {manager.py:1065} INFO - Finding 'running' jobs without a recent heartbeat
[2022-10-13 20:26:07,633] {manager.py:1069} INFO - Failing jobs without heartbeat after 2022-10-13 20:21:07.633257+00:00
[2022-10-13 20:26:17,652] {manager.py:1065} INFO - Finding 'running' jobs without a recent heartbeat
[2022-10-13 20:26:17,652] {manager.py:1069} INFO - Failing jobs without heartbeat after 2022-10-13 20:21:17.652293+00:00
[2022-10-13 20:26:17,659] {manager.py:784} INFO - 
================================================================================
DAG File Processing Stats

File Path                         PID    Runtime      # DAGs    # Errors  Last Runtime    Last Run
--------------------------------  -----  ---------  --------  ----------  --------------  -------------------
/opt/airflow/dags/de_test_dag.py                           1           0  0.47s           2022-10-13T20:25:56
================================================================================
[2022-10-13 20:26:28,192] {manager.py:1065} INFO - Finding 'running' jobs without a recent heartbeat
[2022-10-13 20:26:28,192] {manager.py:1069} INFO - Failing jobs without heartbeat after 2022-10-13 20:21:28.192550+00:00
[2022-10-13 20:26:38,237] {manager.py:1065} INFO - Finding 'running' jobs without a recent heartbeat
[2022-10-13 20:26:38,239] {manager.py:1069} INFO - Failing jobs without heartbeat after 2022-10-13 20:21:38.239002+00:00
[2022-10-13 20:26:48,268] {manager.py:1065} INFO - Finding 'running' jobs without a recent heartbeat
[2022-10-13 20:26:48,268] {manager.py:1069} INFO - Failing jobs without heartbeat after 2022-10-13 20:21:48.268307+00:00
[2022-10-13 20:26:48,276] {manager.py:784} INFO - 
================================================================================
DAG File Processing Stats

File Path                         PID    Runtime      # DAGs    # Errors  Last Runtime    Last Run
--------------------------------  -----  ---------  --------  ----------  --------------  -------------------
/opt/airflow/dags/de_test_dag.py                           1           0  0.62s           2022-10-13T20:26:27
================================================================================
[2022-10-13 20:26:58,300] {manager.py:1065} INFO - Finding 'running' jobs without a recent heartbeat
[2022-10-13 20:26:58,300] {manager.py:1069} INFO - Failing jobs without heartbeat after 2022-10-13 20:21:58.300440+00:00
[2022-10-13 20:27:08,340] {manager.py:1065} INFO - Finding 'running' jobs without a recent heartbeat
[2022-10-13 20:27:08,340] {manager.py:1069} INFO - Failing jobs without heartbeat after 2022-10-13 20:22:08.340421+00:00
[2022-10-13 20:27:18,361] {manager.py:1065} INFO - Finding 'running' jobs without a recent heartbeat
[2022-10-13 20:27:18,362] {manager.py:1069} INFO - Failing jobs without heartbeat after 2022-10-13 20:22:18.361986+00:00
[2022-10-13 20:27:18,369] {manager.py:784} INFO - 
================================================================================
DAG File Processing Stats

File Path                         PID    Runtime      # DAGs    # Errors  Last Runtime    Last Run
--------------------------------  -----  ---------  --------  ----------  --------------  -------------------
/opt/airflow/dags/de_test_dag.py                           1           0  2.59s           2022-10-13T20:26:59
================================================================================
[2022-10-13 20:27:28,388] {manager.py:1065} INFO - Finding 'running' jobs without a recent heartbeat
[2022-10-13 20:27:28,388] {manager.py:1069} INFO - Failing jobs without heartbeat after 2022-10-13 20:22:28.388383+00:00
[2022-10-13 20:27:38,415] {manager.py:1065} INFO - Finding 'running' jobs without a recent heartbeat
[2022-10-13 20:27:38,416] {manager.py:1069} INFO - Failing jobs without heartbeat after 2022-10-13 20:22:38.415993+00:00
[2022-10-13 20:27:48,446] {manager.py:1065} INFO - Finding 'running' jobs without a recent heartbeat
[2022-10-13 20:27:48,446] {manager.py:1069} INFO - Failing jobs without heartbeat after 2022-10-13 20:22:48.446503+00:00
[2022-10-13 20:27:48,454] {manager.py:784} INFO - 
================================================================================
DAG File Processing Stats

File Path                         PID    Runtime      # DAGs    # Errors  Last Runtime    Last Run
--------------------------------  -----  ---------  --------  ----------  --------------  -------------------
/opt/airflow/dags/de_test_dag.py                           1           0  0.53s           2022-10-13T20:27:23
================================================================================
[2022-10-13 20:27:58,492] {manager.py:1065} INFO - Finding 'running' jobs without a recent heartbeat
[2022-10-13 20:27:58,492] {manager.py:1069} INFO - Failing jobs without heartbeat after 2022-10-13 20:22:58.492352+00:00
[2022-10-13 20:28:08,513] {manager.py:1065} INFO - Finding 'running' jobs without a recent heartbeat
[2022-10-13 20:28:08,514] {manager.py:1069} INFO - Failing jobs without heartbeat after 2022-10-13 20:23:08.514166+00:00
[2022-10-13 20:28:18,533] {manager.py:1065} INFO - Finding 'running' jobs without a recent heartbeat
[2022-10-13 20:28:18,533] {manager.py:1069} INFO - Failing jobs without heartbeat after 2022-10-13 20:23:18.533596+00:00
[2022-10-13 20:28:18,540] {manager.py:784} INFO - 
================================================================================
DAG File Processing Stats

File Path                         PID    Runtime      # DAGs    # Errors  Last Runtime    Last Run
--------------------------------  -----  ---------  --------  ----------  --------------  -------------------
/opt/airflow/dags/de_test_dag.py                           1           0  0.50s           2022-10-13T20:27:53
================================================================================
[2022-10-13 20:28:28,555] {manager.py:1065} INFO - Finding 'running' jobs without a recent heartbeat
[2022-10-13 20:28:28,556] {manager.py:1069} INFO - Failing jobs without heartbeat after 2022-10-13 20:23:28.556158+00:00
[2022-10-13 20:28:38,579] {manager.py:1065} INFO - Finding 'running' jobs without a recent heartbeat
[2022-10-13 20:28:38,579] {manager.py:1069} INFO - Failing jobs without heartbeat after 2022-10-13 20:23:38.579378+00:00
[2022-10-13 20:28:48,603] {manager.py:1065} INFO - Finding 'running' jobs without a recent heartbeat
[2022-10-13 20:28:48,603] {manager.py:1069} INFO - Failing jobs without heartbeat after 2022-10-13 20:23:48.603453+00:00
[2022-10-13 20:28:48,610] {manager.py:784} INFO - 
================================================================================
DAG File Processing Stats

File Path                         PID    Runtime      # DAGs    # Errors  Last Runtime    Last Run
--------------------------------  -----  ---------  --------  ----------  --------------  -------------------
/opt/airflow/dags/de_test_dag.py                           1           0  0.54s           2022-10-13T20:28:24
================================================================================
[2022-10-13 20:28:59,059] {manager.py:1065} INFO - Finding 'running' jobs without a recent heartbeat
[2022-10-13 20:28:59,059] {manager.py:1069} INFO - Failing jobs without heartbeat after 2022-10-13 20:23:59.059870+00:00
[2022-10-13 20:29:09,088] {manager.py:1065} INFO - Finding 'running' jobs without a recent heartbeat
[2022-10-13 20:29:09,088] {manager.py:1069} INFO - Failing jobs without heartbeat after 2022-10-13 20:24:09.088251+00:00
[2022-10-13 20:29:19,114] {manager.py:1065} INFO - Finding 'running' jobs without a recent heartbeat
[2022-10-13 20:29:19,114] {manager.py:1069} INFO - Failing jobs without heartbeat after 2022-10-13 20:24:19.114669+00:00
[2022-10-13 20:29:19,121] {manager.py:784} INFO - 
================================================================================
DAG File Processing Stats

File Path                         PID    Runtime      # DAGs    # Errors  Last Runtime    Last Run
--------------------------------  -----  ---------  --------  ----------  --------------  -------------------
/opt/airflow/dags/de_test_dag.py                           1           0  0.49s           2022-10-13T20:28:55
================================================================================
[2022-10-13 20:29:29,149] {manager.py:1065} INFO - Finding 'running' jobs without a recent heartbeat
[2022-10-13 20:29:29,149] {manager.py:1069} INFO - Failing jobs without heartbeat after 2022-10-13 20:24:29.149512+00:00
[2022-10-13 20:29:39,169] {manager.py:1065} INFO - Finding 'running' jobs without a recent heartbeat
[2022-10-13 20:29:39,169] {manager.py:1069} INFO - Failing jobs without heartbeat after 2022-10-13 20:24:39.169773+00:00
[2022-10-13 20:29:49,190] {manager.py:1065} INFO - Finding 'running' jobs without a recent heartbeat
[2022-10-13 20:29:49,191] {manager.py:1069} INFO - Failing jobs without heartbeat after 2022-10-13 20:24:49.191160+00:00
[2022-10-13 20:29:49,198] {manager.py:784} INFO - 
================================================================================
DAG File Processing Stats

File Path                         PID    Runtime      # DAGs    # Errors  Last Runtime    Last Run
--------------------------------  -----  ---------  --------  ----------  --------------  -------------------
/opt/airflow/dags/de_test_dag.py                           1           0  0.52s           2022-10-13T20:29:25
================================================================================
[2022-10-13 20:29:59,706] {manager.py:1065} INFO - Finding 'running' jobs without a recent heartbeat
[2022-10-13 20:29:59,707] {manager.py:1069} INFO - Failing jobs without heartbeat after 2022-10-13 20:24:59.707140+00:00
[2022-10-13 20:30:09,729] {manager.py:1065} INFO - Finding 'running' jobs without a recent heartbeat
[2022-10-13 20:30:09,729] {manager.py:1069} INFO - Failing jobs without heartbeat after 2022-10-13 20:25:09.729374+00:00
[2022-10-13 20:30:19,206] {manager.py:784} INFO - 
================================================================================
DAG File Processing Stats

File Path                         PID    Runtime      # DAGs    # Errors  Last Runtime    Last Run
--------------------------------  -----  ---------  --------  ----------  --------------  -------------------
/opt/airflow/dags/de_test_dag.py                           1           0  0.48s           2022-10-13T20:29:56
================================================================================
[2022-10-13 20:30:19,749] {manager.py:1065} INFO - Finding 'running' jobs without a recent heartbeat
[2022-10-13 20:30:19,750] {manager.py:1069} INFO - Failing jobs without heartbeat after 2022-10-13 20:25:19.750053+00:00
[2022-10-13 20:30:30,227] {manager.py:1065} INFO - Finding 'running' jobs without a recent heartbeat
[2022-10-13 20:30:30,227] {manager.py:1069} INFO - Failing jobs without heartbeat after 2022-10-13 20:25:30.227458+00:00
[2022-10-13 20:30:40,253] {manager.py:1065} INFO - Finding 'running' jobs without a recent heartbeat
[2022-10-13 20:30:40,253] {manager.py:1069} INFO - Failing jobs without heartbeat after 2022-10-13 20:25:40.253654+00:00
[2022-10-13 20:30:45,715] {manager.py:663} INFO - Searching for files in /opt/airflow/dags
[2022-10-13 20:30:45,717] {manager.py:666} INFO - There are 1 files in /opt/airflow/dags
[2022-10-13 20:30:49,272] {manager.py:784} INFO - 
================================================================================
DAG File Processing Stats

File Path                         PID    Runtime      # DAGs    # Errors  Last Runtime    Last Run
--------------------------------  -----  ---------  --------  ----------  --------------  -------------------
/opt/airflow/dags/de_test_dag.py                           1           0  0.47s           2022-10-13T20:30:26
================================================================================
[2022-10-13 20:30:50,273] {manager.py:1065} INFO - Finding 'running' jobs without a recent heartbeat
[2022-10-13 20:30:50,273] {manager.py:1069} INFO - Failing jobs without heartbeat after 2022-10-13 20:25:50.273346+00:00
[2022-10-13 20:31:00,749] {manager.py:1065} INFO - Finding 'running' jobs without a recent heartbeat
[2022-10-13 20:31:00,750] {manager.py:1069} INFO - Failing jobs without heartbeat after 2022-10-13 20:26:00.750118+00:00
[2022-10-13 20:31:10,771] {manager.py:1065} INFO - Finding 'running' jobs without a recent heartbeat
[2022-10-13 20:31:10,771] {manager.py:1069} INFO - Failing jobs without heartbeat after 2022-10-13 20:26:10.771425+00:00
[2022-10-13 20:31:19,303] {manager.py:784} INFO - 
================================================================================
DAG File Processing Stats

File Path                         PID    Runtime      # DAGs    # Errors  Last Runtime    Last Run
--------------------------------  -----  ---------  --------  ----------  --------------  -------------------
/opt/airflow/dags/de_test_dag.py                           1           0  0.53s           2022-10-13T20:30:57
================================================================================
[2022-10-13 20:31:20,790] {manager.py:1065} INFO - Finding 'running' jobs without a recent heartbeat
[2022-10-13 20:31:20,790] {manager.py:1069} INFO - Failing jobs without heartbeat after 2022-10-13 20:26:20.790522+00:00
[2022-10-13 20:31:30,811] {manager.py:1065} INFO - Finding 'running' jobs without a recent heartbeat
[2022-10-13 20:31:30,812] {manager.py:1069} INFO - Failing jobs without heartbeat after 2022-10-13 20:26:30.812150+00:00
[2022-10-13 20:31:40,841] {manager.py:1065} INFO - Finding 'running' jobs without a recent heartbeat
[2022-10-13 20:31:40,842] {manager.py:1069} INFO - Failing jobs without heartbeat after 2022-10-13 20:26:40.842041+00:00
